2026-04-12 17:50:21,855 - INFO - ETL started
2026-04-12 17:50:21,859 - INFO - Starting extraction
2026-04-12 17:50:22,217 - INFO - Extracted 20 rows
2026-04-12 17:50:22,219 - INFO - Starting transformation
2026-04-12 17:50:22,225 - WARNING - Removed 0 duplicate rows
2026-04-12 17:50:22,227 - INFO - Transformed 20 rows
2026-04-12 17:50:22,227 - INFO - Starting load
2026-04-12 17:50:22,229 - INFO - Loaded 20 rows
2026-04-12 17:50:22,229 - INFO - ETL finished. Loaded 20 rows
2026-04-12 17:50:47,358 - INFO - ETL started
2026-04-12 17:50:47,362 - INFO - Starting extraction
2026-04-12 17:50:47,727 - INFO - Extracted 20 rows
2026-04-12 17:50:47,730 - INFO - Starting transformation
2026-04-12 17:50:47,735 - WARNING - Removed 0 duplicate rows
2026-04-12 17:50:47,736 - INFO - Transformed 20 rows
2026-04-12 17:50:47,736 - INFO - Starting load
2026-04-12 17:50:47,739 - INFO - Loaded 20 rows
2026-04-12 17:50:47,739 - INFO - ETL finished. Loaded 20 rows
2026-04-12 17:51:28,029 - INFO - ETL started
2026-04-12 17:51:28,031 - INFO - Starting extraction
2026-04-12 17:51:28,566 - INFO - Filtered 0 duplicates in extract
2026-04-12 17:51:28,567 - INFO - Extracted 20 rows
2026-04-12 17:51:28,568 - INFO - Starting transformation
2026-04-12 17:51:28,573 - WARNING - Removed 0 duplicate rows
2026-04-12 17:51:28,575 - INFO - Transformed 20 rows
2026-04-12 17:51:28,575 - INFO - Starting load
2026-04-12 17:51:28,577 - INFO - Loaded 20 rows
2026-04-12 17:51:28,577 - INFO - ETL finished. Loaded 20 rows
2026-04-12 17:52:25,124 - INFO - ETL started
2026-04-12 17:52:25,125 - INFO - Starting extraction
2026-04-12 17:52:25,489 - INFO - Filtered 0 duplicates in extract
2026-04-12 17:52:25,489 - INFO - Extracted 20 rows
2026-04-12 17:52:25,491 - INFO - Starting transformation
2026-04-12 17:52:25,494 - WARNING - Removed 0 duplicate rows
2026-04-12 17:52:25,495 - INFO - Transformed 20 rows
2026-04-12 17:52:25,495 - INFO - Starting load
2026-04-12 17:52:25,498 - INFO - Loaded 20 rows
2026-04-12 17:52:25,498 - INFO - ETL finished. Loaded 20 rows
2026-04-12 17:52:26,783 - INFO - ETL started
2026-04-12 17:52:26,783 - INFO - Starting extraction
2026-04-12 17:52:27,156 - INFO - Filtered 0 duplicates in extract
2026-04-12 17:52:27,157 - INFO - Extracted 20 rows
2026-04-12 17:52:27,158 - INFO - Starting transformation
2026-04-12 17:52:27,162 - WARNING - Removed 0 duplicate rows
2026-04-12 17:52:27,163 - INFO - Transformed 20 rows
2026-04-12 17:52:27,163 - INFO - Starting load
2026-04-12 17:52:27,166 - INFO - Loaded 20 rows
2026-04-12 17:52:27,166 - INFO - ETL finished. Loaded 20 rows
2026-04-12 17:59:54,145 - INFO - ETL started
2026-04-12 17:59:54,147 - INFO - Starting extraction
2026-04-12 17:59:54,660 - INFO - Filtered 0 duplicates in extract
2026-04-12 17:59:54,661 - INFO - Extracted 20 rows
2026-04-12 17:59:54,662 - INFO - Starting transformation
2026-04-12 17:59:54,667 - WARNING - Removed 0 duplicate rows
2026-04-12 17:59:54,668 - INFO - Transformed 20 rows
2026-04-12 17:59:54,668 - INFO - Starting load
2026-04-12 17:59:54,670 - INFO - Loaded 20 rows
2026-04-12 17:59:54,670 - INFO - ETL finished. Loaded 20 rows
2026-04-12 18:00:24,844 - INFO - ETL started
2026-04-12 18:00:24,846 - INFO - Starting extraction
2026-04-12 18:00:25,203 - INFO - Filtered 0 duplicates in extract
2026-04-12 18:00:25,203 - INFO - Extracted 20 rows
2026-04-12 18:00:25,204 - INFO - Starting transformation
2026-04-12 18:00:25,208 - WARNING - Removed 0 duplicate rows
2026-04-12 18:00:25,209 - INFO - Transformed 20 rows
2026-04-12 18:00:25,209 - INFO - Starting load
2026-04-12 18:00:25,211 - INFO - Loaded 20 rows
2026-04-12 18:00:25,211 - INFO - ETL finished. Loaded 20 rows
2026-04-12 18:05:34,019 - INFO - Starting transformation
2026-04-12 18:05:34,025 - WARNING - Removed 0 duplicate rows
2026-04-12 18:05:34,026 - INFO - Transformed 1 rows
2026-04-12 18:05:34,027 - INFO - Starting transformation
2026-04-12 18:05:34,030 - WARNING - Removed 1 duplicate rows
2026-04-12 18:05:34,030 - INFO - Transformed 1 rows
2026-04-12 18:05:34,031 - INFO - Starting transformation
2026-04-12 18:05:34,033 - WARNING - Removed 0 duplicate rows
2026-04-12 18:05:34,033 - INFO - Transformed 0 rows
2026-04-12 18:05:34,034 - INFO - Starting transformation
2026-04-12 18:32:03,016 - INFO - ETL started
2026-04-12 18:32:03,018 - INFO - Starting extraction
2026-04-12 18:32:03,554 - INFO - Filtered 0 duplicates in extract
2026-04-12 18:32:03,554 - INFO - Extracted 20 rows
2026-04-12 18:32:03,556 - INFO - Starting transformation
2026-04-12 18:32:03,563 - WARNING - Removed 0 duplicate rows
2026-04-12 18:32:03,565 - INFO - Transformed 20 rows
2026-04-12 18:32:03,565 - INFO - Starting load
2026-04-12 18:32:03,568 - INFO - Loaded 20 rows
2026-04-12 18:32:03,569 - INFO - ETL finished. Loaded 20 rows
